4
1 0 0 1 1 0 2 3 1 4 12 5 9 40 30 23 121 140 88 345 
1 0 0 1 1 0 2 3 1 4 12 5 9 40 30 23 121 140 88 345 
28
1 0 0 0 0 0 0 0 0.428571 1.64286 2.28571 2.21429 2.14286 3.71429 2.57143 6.92857 12.1429 13.1429 24.5 48.0714 
1 0 0 0 0 0 0 0 1 2 0 3 3 3 3 6 13 16 27 41 
52
1 0 0 0 0 0 0 0 0 0 0.461538 2.03846 1.96154 3.76923 2.92308 3.65385 7.19231 8.38462 13.4231 19 
1 0 0 0 0 0 0 0 0 0 1 4 0 3 2 1 7 8 16 18 
76
1 0 0 0 0 0 0 0 0 0 0 0.210526 1.21053 3.07895 3.15789 4.81579 4.05263 8.05263 10.5263 14.2895 
1 0 0 0 0 0 0 0 0 0 0 2 1 1 3 4 2 8 14 11 
100
1 0 0 0 0 0 0 0 0 0 0 0 0.38 1.4 3.06 4.46 3.28 7.34 9.42 12.48 
1 0 0 0 0 0 0 0 0 0 0 0 2 1 1 5 3 3 14 15 
124
1 0 0 0 0 0 0 0 0 0 0 0 0 0.580645 1.95161 3.51613 4.62903 6.58065 7.83871 7.30645 
1 0 0 0 0 0 0 0 0 0 0 0 0 3 2 2 4 6 5 4 
148
1 0 0 0 0 0 0 0 0 0 0 0 0 0 1 2.68919 3.93243 6.7027 7.32432 8.55405 
1 0 0 0 0 0 0 0 0 0 0 0 0 0 4 1 2 7 8 4 
172
1 0 0 0 0 0 0 0 0 0 0 0 0 0 0.197674 2.24419 3.7907 5.24419 5.46512 9.01163 
1 0 0 0 0 0 0 0 0 0 0 0 0 0 2 0 2 7 8 9 
196
1 0 0 0 0 0 0 0 0 0 0 0 0 0 0.0510204 1.4898 2.88776 4.12245 5.57143 9.05102 
1 0 0 0 0 0 0 0 0 0 0 0 0 0 1 2 4 1 6 8 
220
1 0 0 0 0 0 0 0 0 0 0 0 0 0 0 0.845455 2.33636 3.94545 4.62727 8.30909 
1 0 0 0 0 0 0 0 0 0 0 0 0 0 0 3 1 2 5 9 
244
1 0 0 0 0 0 0 0 0 0 0 0 0 0 0 0.614754 1.57377 4.08197 4.54918 6.7623 
1 0 0 0 0 0 0 0 0 0 0 0 0 0 0 3 0 5 4 3 
292
1 0 0 0 0 0 0 0 0 0 0 0 0 0 0 0.0753425 0.589041 2.57534 4.39726 6.79452 
1 0 0 0 0 0 0 0 0 0 0 0 0 0 0 1 2 3 4 2 
340
1 0 0 0 0 0 0 0 0 0 0 0 0 0 0 0 0.364706 1.96471 3.31176 5.62941 
1 0 0 0 0 0 0 0 0 0 0 0 0 0 0 0 3 0 3 5 
388
1 0 0 0 0 0 0 0 0 0 0 0 0 0 0 0 0 1.1701 3.52577 4.71134 
1 0 0 0 0 0 0 0 0 0 0 0 0 0 0 0 0 5 1 0 
436
1 0 0 0 0 0 0 0 0 0 0 0 0 0 0 0 0 0.637615 2.28899 4.3578 
1 0 0 0 0 0 0 0 0 0 0 0 0 0 0 0 0 3 2 1 
484
1 0 0 0 0 0 0 0 0 0 0 0 0 0 0 0 0 0.342975 1.57851 3.59504 
1 0 0 0 0 0 0 0 0 0 0 0 0 0 0 0 0 4 1 1 
580
1 0 0 0 0 0 0 0 0 0 0 0 0 0 0 0 0 0.0206897 0.758621 2.6069 
1 0 0 0 0 0 0 0 0 0 0 0 0 0 0 0 0 1 2 2 
676
1 0 0 0 0 0 0 0 0 0 0 0 0 0 0 0 0 0 0.245562 1.63018 
1 0 0 0 0 0 0 0 0 0 0 0 0 0 0 0 0 0 2 0 
772
1 0 0 0 0 0 0 0 0 0 0 0 0 0 0 0 0 0 0 0.930052 
1 0 0 0 0 0 0 0 0 0 0 0 0 0 0 0 0 0 0 4 
868
1 0 0 0 0 0 0 0 0 0 0 0 0 0 0 0 0 0 0 0.336406 
1 0 0 0 0 0 0 0 0 0 0 0 0 0 0 0 0 0 0 2 
964
1 0 0 0 0 0 0 0 0 0 0 0 0 0 0 0 0 0 0 0.124481 
1 0 0 0 0 0 0 0 0 0 0 0 0 0 0 0 0 0 0 4 
GF SUCCESS, n =984
duration: 2